Determining if the pthread_create exist failed with the following output:
Change Dir: /home/iha/avg_cage-master/build/CMakeFiles/CMakeTmp

Run Build Command:"/usr/bin/make" "cmTC_79780/fast"
/usr/bin/make -f CMakeFiles/cmTC_79780.dir/build.make CMakeFiles/cmTC_79780.dir/build
make[1]: 进入目录“/home/iha/avg_cage-master/build/CMakeFiles/CMakeTmp”
Building C object CMakeFiles/cmTC_79780.dir/CheckSymbolExists.c.o
/usr/bin/cc    -o CMakeFiles/cmTC_79780.dir/CheckSymbolExists.c.o   -c /home/iha/avg_cage-master/build/CMakeFiles/CMakeTmp/CheckSymbolExists.c
Linking C executable cmTC_79780
/usr/bin/cmake -E cmake_link_script CMakeFiles/cmTC_79780.dir/link.txt --verbose=1
/usr/bin/cc      -rdynamic CMakeFiles/cmTC_79780.dir/CheckSymbolExists.c.o  -o cmTC_79780 
CMakeFiles/cmTC_79780.dir/CheckSymbolExists.c.o：在函数‘main’中：
CheckSymbolExists.c:(.text+0x1b)：对‘pthread_create’未定义的引用
collect2: error: ld returned 1 exit status
CMakeFiles/cmTC_79780.dir/build.make:97: recipe for target 'cmTC_79780' failed
make[1]: *** [cmTC_79780] Error 1
make[1]: 离开目录“/home/iha/avg_cage-master/build/CMakeFiles/CMakeTmp”
Makefile:126: recipe for target 'cmTC_79780/fast' failed
make: *** [cmTC_79780/fast] Error 2

File /home/iha/avg_cage-master/build/CMakeFiles/CMakeTmp/CheckSymbolExists.c:
/* */
#include <pthread.h>

int main(int argc, char** argv)
{
  (void)argv;
#ifndef pthread_create
  return ((int*)(&pthread_create))[argc];
#else
  (void)argc;
  return 0;
#endif
}

Determining if the function pthread_create exists in the pthreads failed with the following output:
Change Dir: /home/iha/avg_cage-master/build/CMakeFiles/CMakeTmp

Run Build Command:"/usr/bin/make" "cmTC_05d85/fast"
/usr/bin/make -f CMakeFiles/cmTC_05d85.dir/build.make CMakeFiles/cmTC_05d85.dir/build
make[1]: 进入目录“/home/iha/avg_cage-master/build/CMakeFiles/CMakeTmp”
Building C object CMakeFiles/cmTC_05d85.dir/CheckFunctionExists.c.o
/usr/bin/cc   -DCHECK_FUNCTION_EXISTS=pthread_create   -o CMakeFiles/cmTC_05d85.dir/CheckFunctionExists.c.o   -c /usr/share/cmake-3.10/Modules/CheckFunctionExists.c
Linking C executable cmTC_05d85
/usr/bin/cmake -E cmake_link_script CMakeFiles/cmTC_05d85.dir/link.txt --verbose=1
/usr/bin/cc  -DCHECK_FUNCTION_EXISTS=pthread_create    -rdynamic CMakeFiles/cmTC_05d85.dir/CheckFunctionExists.c.o  -o cmTC_05d85 -lpthreads 
/usr/bin/ld: 找不到 -lpthreads
collect2: error: ld returned 1 exit status
CMakeFiles/cmTC_05d85.dir/build.make:97: recipe for target 'cmTC_05d85' failed
make[1]: *** [cmTC_05d85] Error 1
make[1]: 离开目录“/home/iha/avg_cage-master/build/CMakeFiles/CMakeTmp”
Makefile:126: recipe for target 'cmTC_05d85/fast' failed
make: *** [cmTC_05d85/fast] Error 2


